{"/home/serge/Desktop/Frontend_projects/frontend-project-lvl2/index.js": {"path":"/home/serge/Desktop/Frontend_projects/frontend-project-lvl2/index.js","all":false,"statementMap":{"0":{"start":{"line":1,"column":0},"end":{"line":1,"column":39}},"1":{"start":{"line":2,"column":0},"end":{"line":2,"column":0}},"2":{"start":{"line":3,"column":0},"end":{"line":3,"column":23}}},"s":{"0":1,"1":1,"2":1},"branchMap":{},"b":{},"fnMap":{},"f":{}}
,"/home/serge/Desktop/Frontend_projects/frontend-project-lvl2/src/genDiff.js": {"path":"/home/serge/Desktop/Frontend_projects/frontend-project-lvl2/src/genDiff.js","all":false,"statementMap":{"0":{"start":{"line":1,"column":0},"end":{"line":1,"column":23}},"1":{"start":{"line":2,"column":0},"end":{"line":2,"column":20}},"2":{"start":{"line":3,"column":0},"end":{"line":3,"column":24}},"3":{"start":{"line":4,"column":0},"end":{"line":4,"column":36}},"4":{"start":{"line":5,"column":0},"end":{"line":5,"column":0}},"5":{"start":{"line":6,"column":0},"end":{"line":6,"column":50}},"6":{"start":{"line":7,"column":0},"end":{"line":7,"column":43}},"7":{"start":{"line":8,"column":0},"end":{"line":8,"column":0}},"8":{"start":{"line":9,"column":0},"end":{"line":9,"column":69}},"9":{"start":{"line":10,"column":0},"end":{"line":10,"column":71}},"10":{"start":{"line":11,"column":0},"end":{"line":11,"column":0}},"11":{"start":{"line":12,"column":0},"end":{"line":12,"column":85}},"12":{"start":{"line":13,"column":0},"end":{"line":13,"column":3}},"13":{"start":{"line":14,"column":0},"end":{"line":14,"column":9}},"14":{"start":{"line":15,"column":0},"end":{"line":15,"column":9}},"15":{"start":{"line":16,"column":0},"end":{"line":16,"column":16}},"16":{"start":{"line":17,"column":0},"end":{"line":17,"column":16}},"17":{"start":{"line":18,"column":0},"end":{"line":18,"column":13}},"18":{"start":{"line":19,"column":0},"end":{"line":19,"column":3}},"19":{"start":{"line":20,"column":0},"end":{"line":20,"column":2}},"20":{"start":{"line":21,"column":0},"end":{"line":21,"column":0}},"21":{"start":{"line":22,"column":0},"end":{"line":22,"column":18}},"22":{"start":{"line":23,"column":0},"end":{"line":23,"column":3}},"23":{"start":{"line":24,"column":0},"end":{"line":24,"column":98}},"24":{"start":{"line":25,"column":0},"end":{"line":25,"column":70}},"25":{"start":{"line":26,"column":0},"end":{"line":26,"column":98}},"26":{"start":{"line":27,"column":0},"end":{"line":27,"column":4}},"27":{"start":{"line":28,"column":0},"end":{"line":28,"column":3}},"28":{"start":{"line":29,"column":0},"end":{"line":29,"column":75}},"29":{"start":{"line":30,"column":0},"end":{"line":30,"column":37}},"30":{"start":{"line":31,"column":0},"end":{"line":31,"column":62}},"31":{"start":{"line":32,"column":0},"end":{"line":32,"column":4}},"32":{"start":{"line":33,"column":0},"end":{"line":33,"column":3}},"33":{"start":{"line":34,"column":0},"end":{"line":34,"column":75}},"34":{"start":{"line":35,"column":0},"end":{"line":35,"column":37}},"35":{"start":{"line":36,"column":0},"end":{"line":36,"column":76}},"36":{"start":{"line":37,"column":0},"end":{"line":37,"column":4}},"37":{"start":{"line":38,"column":0},"end":{"line":38,"column":3}},"38":{"start":{"line":39,"column":0},"end":{"line":39,"column":78}},"39":{"start":{"line":40,"column":0},"end":{"line":40,"column":60}},"40":{"start":{"line":41,"column":0},"end":{"line":41,"column":4}},"41":{"start":{"line":42,"column":0},"end":{"line":42,"column":3}},"42":{"start":{"line":43,"column":0},"end":{"line":43,"column":78}},"43":{"start":{"line":44,"column":0},"end":{"line":44,"column":74}},"44":{"start":{"line":45,"column":0},"end":{"line":45,"column":4}},"45":{"start":{"line":46,"column":0},"end":{"line":46,"column":2}},"46":{"start":{"line":47,"column":0},"end":{"line":47,"column":0}},"47":{"start":{"line":48,"column":0},"end":{"line":48,"column":53}},"48":{"start":{"line":49,"column":0},"end":{"line":49,"column":50}},"49":{"start":{"line":50,"column":0},"end":{"line":50,"column":0}},"50":{"start":{"line":51,"column":0},"end":{"line":51,"column":57}},"51":{"start":{"line":52,"column":0},"end":{"line":52,"column":91}},"52":{"start":{"line":53,"column":0},"end":{"line":53,"column":33}},"53":{"start":{"line":54,"column":0},"end":{"line":54,"column":66}},"54":{"start":{"line":55,"column":0},"end":{"line":55,"column":66}},"55":{"start":{"line":56,"column":0},"end":{"line":56,"column":5}},"56":{"start":{"line":57,"column":0},"end":{"line":57,"column":2}},"57":{"start":{"line":58,"column":0},"end":{"line":58,"column":0}},"58":{"start":{"line":59,"column":0},"end":{"line":59,"column":64}},"59":{"start":{"line":60,"column":0},"end":{"line":60,"column":39}},"60":{"start":{"line":61,"column":0},"end":{"line":61,"column":45}},"61":{"start":{"line":62,"column":0},"end":{"line":62,"column":74}},"62":{"start":{"line":63,"column":0},"end":{"line":63,"column":28}},"63":{"start":{"line":64,"column":0},"end":{"line":64,"column":7}},"64":{"start":{"line":65,"column":0},"end":{"line":65,"column":63}},"65":{"start":{"line":66,"column":0},"end":{"line":66,"column":70}},"66":{"start":{"line":67,"column":0},"end":{"line":67,"column":70}},"67":{"start":{"line":68,"column":0},"end":{"line":68,"column":0}},"68":{"start":{"line":69,"column":0},"end":{"line":69,"column":122}},"69":{"start":{"line":70,"column":0},"end":{"line":70,"column":61}},"70":{"start":{"line":71,"column":0},"end":{"line":71,"column":6}},"71":{"start":{"line":72,"column":0},"end":{"line":72,"column":30}},"72":{"start":{"line":73,"column":0},"end":{"line":73,"column":4}},"73":{"start":{"line":74,"column":0},"end":{"line":74,"column":0}},"74":{"start":{"line":75,"column":0},"end":{"line":75,"column":50}},"75":{"start":{"line":76,"column":0},"end":{"line":76,"column":43}},"76":{"start":{"line":77,"column":0},"end":{"line":77,"column":54}},"77":{"start":{"line":78,"column":0},"end":{"line":78,"column":68}},"78":{"start":{"line":79,"column":0},"end":{"line":79,"column":11}},"79":{"start":{"line":80,"column":0},"end":{"line":80,"column":53}},"80":{"start":{"line":81,"column":0},"end":{"line":81,"column":13}},"81":{"start":{"line":82,"column":0},"end":{"line":82,"column":19}},"82":{"start":{"line":83,"column":0},"end":{"line":83,"column":23}},"83":{"start":{"line":84,"column":0},"end":{"line":84,"column":77}},"84":{"start":{"line":85,"column":0},"end":{"line":85,"column":23}},"85":{"start":{"line":86,"column":0},"end":{"line":86,"column":84}},"86":{"start":{"line":87,"column":0},"end":{"line":87,"column":84}},"87":{"start":{"line":88,"column":0},"end":{"line":88,"column":41}},"88":{"start":{"line":89,"column":0},"end":{"line":89,"column":7}},"89":{"start":{"line":90,"column":0},"end":{"line":90,"column":21}},"90":{"start":{"line":91,"column":0},"end":{"line":91,"column":77}},"91":{"start":{"line":92,"column":0},"end":{"line":92,"column":19}},"92":{"start":{"line":93,"column":0},"end":{"line":93,"column":77}},"93":{"start":{"line":94,"column":0},"end":{"line":94,"column":21}},"94":{"start":{"line":95,"column":0},"end":{"line":95,"column":80}},"95":{"start":{"line":96,"column":0},"end":{"line":96,"column":58}},"96":{"start":{"line":97,"column":0},"end":{"line":97,"column":5}},"97":{"start":{"line":98,"column":0},"end":{"line":98,"column":4}},"98":{"start":{"line":99,"column":0},"end":{"line":99,"column":0}},"99":{"start":{"line":100,"column":0},"end":{"line":100,"column":34}},"100":{"start":{"line":101,"column":0},"end":{"line":101,"column":43}},"101":{"start":{"line":102,"column":0},"end":{"line":102,"column":68}},"102":{"start":{"line":103,"column":0},"end":{"line":103,"column":23}},"103":{"start":{"line":104,"column":0},"end":{"line":104,"column":58}},"104":{"start":{"line":105,"column":0},"end":{"line":105,"column":59}},"105":{"start":{"line":106,"column":0},"end":{"line":106,"column":4}},"106":{"start":{"line":107,"column":0},"end":{"line":107,"column":22}},"107":{"start":{"line":108,"column":0},"end":{"line":108,"column":2}},"108":{"start":{"line":109,"column":0},"end":{"line":109,"column":0}},"109":{"start":{"line":110,"column":0},"end":{"line":110,"column":43}},"110":{"start":{"line":111,"column":0},"end":{"line":111,"column":38}},"111":{"start":{"line":112,"column":0},"end":{"line":112,"column":38}},"112":{"start":{"line":113,"column":0},"end":{"line":113,"column":40}},"113":{"start":{"line":114,"column":0},"end":{"line":114,"column":40}},"114":{"start":{"line":115,"column":0},"end":{"line":115,"column":0}},"115":{"start":{"line":116,"column":0},"end":{"line":116,"column":47}},"116":{"start":{"line":117,"column":0},"end":{"line":117,"column":27}},"117":{"start":{"line":118,"column":0},"end":{"line":118,"column":2}},"118":{"start":{"line":119,"column":0},"end":{"line":119,"column":23}},"119":{"start":{"line":120,"column":0},"end":{"line":120,"column":31}}},"s":{"0":1,"1":1,"2":1,"3":1,"4":1,"5":1,"6":1,"7":1,"8":1,"9":1,"10":1,"11":1,"12":23,"13":1,"14":1,"15":1,"16":1,"17":1,"18":1,"19":1,"20":1,"21":1,"22":1,"23":1,"24":1,"25":1,"26":1,"27":1,"28":1,"29":1,"30":1,"31":1,"32":1,"33":1,"34":1,"35":1,"36":1,"37":1,"38":1,"39":1,"40":1,"41":1,"42":1,"43":1,"44":1,"45":1,"46":1,"47":1,"48":1,"49":1,"50":1,"51":6,"52":6,"53":23,"54":23,"55":23,"56":6,"57":1,"58":1,"59":2,"60":24,"61":34,"62":26,"63":26,"64":34,"65":34,"66":34,"67":34,"68":34,"69":34,"70":34,"71":24,"72":24,"73":2,"74":2,"75":23,"76":23,"77":23,"78":23,"79":23,"80":23,"81":23,"82":23,"83":23,"84":23,"85":5,"86":5,"87":5,"88":5,"89":23,"90":23,"91":23,"92":23,"93":23,"94":23,"95":23,"96":23,"97":23,"98":2,"99":2,"100":6,"101":6,"102":6,"103":6,"104":6,"105":6,"106":2,"107":2,"108":1,"109":1,"110":2,"111":2,"112":2,"113":2,"114":2,"115":2,"116":2,"117":2,"118":1,"119":1},"branchMap":{"0":{"type":"branch","line":9,"loc":{"start":{"line":9,"column":19},"end":{"line":9,"column":33}},"locations":[{"start":{"line":9,"column":19},"end":{"line":9,"column":33}}]},"1":{"type":"branch","line":10,"loc":{"start":{"line":10,"column":18},"end":{"line":10,"column":30}},"locations":[{"start":{"line":10,"column":18},"end":{"line":10,"column":30}}]},"2":{"type":"branch","line":12,"loc":{"start":{"line":12,"column":17},"end":{"line":13,"column":3}},"locations":[{"start":{"line":12,"column":17},"end":{"line":13,"column":3}}]},"3":{"type":"branch","line":24,"loc":{"start":{"line":24,"column":11},"end":{"line":25,"column":9}},"locations":[{"start":{"line":24,"column":11},"end":{"line":25,"column":9}}]},"4":{"type":"branch","line":24,"loc":{"start":{"line":24,"column":36},"end":{"line":24,"column":98}},"locations":[{"start":{"line":24,"column":36},"end":{"line":24,"column":98}}]},"5":{"type":"branch","line":24,"loc":{"start":{"line":24,"column":35},"end":{"line":25,"column":9}},"locations":[{"start":{"line":24,"column":35},"end":{"line":25,"column":9}}]},"6":{"type":"branch","line":25,"loc":{"start":{"line":25,"column":9},"end":{"line":25,"column":70}},"locations":[{"start":{"line":25,"column":9},"end":{"line":25,"column":70}}]},"7":{"type":"branch","line":26,"loc":{"start":{"line":26,"column":10},"end":{"line":26,"column":49}},"locations":[{"start":{"line":26,"column":10},"end":{"line":26,"column":49}}]},"8":{"type":"branch","line":29,"loc":{"start":{"line":29,"column":11},"end":{"line":30,"column":30}},"locations":[{"start":{"line":29,"column":11},"end":{"line":30,"column":30}}]},"9":{"type":"branch","line":29,"loc":{"start":{"line":29,"column":36},"end":{"line":29,"column":58}},"locations":[{"start":{"line":29,"column":36},"end":{"line":29,"column":58}}]},"10":{"type":"branch","line":29,"loc":{"start":{"line":29,"column":36},"end":{"line":30,"column":30}},"locations":[{"start":{"line":29,"column":36},"end":{"line":30,"column":30}}]},"11":{"type":"branch","line":31,"loc":{"start":{"line":31,"column":10},"end":{"line":31,"column":36}},"locations":[{"start":{"line":31,"column":10},"end":{"line":31,"column":36}}]},"12":{"type":"branch","line":34,"loc":{"start":{"line":34,"column":11},"end":{"line":35,"column":30}},"locations":[{"start":{"line":34,"column":11},"end":{"line":35,"column":30}}]},"13":{"type":"branch","line":34,"loc":{"start":{"line":34,"column":36},"end":{"line":34,"column":58}},"locations":[{"start":{"line":34,"column":36},"end":{"line":34,"column":58}}]},"14":{"type":"branch","line":34,"loc":{"start":{"line":34,"column":36},"end":{"line":35,"column":30}},"locations":[{"start":{"line":34,"column":36},"end":{"line":35,"column":30}}]},"15":{"type":"branch","line":36,"loc":{"start":{"line":36,"column":10},"end":{"line":36,"column":44}},"locations":[{"start":{"line":36,"column":10},"end":{"line":36,"column":44}}]},"16":{"type":"branch","line":39,"loc":{"start":{"line":39,"column":11},"end":{"line":39,"column":59}},"locations":[{"start":{"line":39,"column":11},"end":{"line":39,"column":59}}]},"17":{"type":"branch","line":39,"loc":{"start":{"line":39,"column":36},"end":{"line":39,"column":59}},"locations":[{"start":{"line":39,"column":36},"end":{"line":39,"column":59}}]},"18":{"type":"branch","line":40,"loc":{"start":{"line":40,"column":10},"end":{"line":40,"column":36}},"locations":[{"start":{"line":40,"column":10},"end":{"line":40,"column":36}}]},"19":{"type":"branch","line":43,"loc":{"start":{"line":43,"column":11},"end":{"line":43,"column":59}},"locations":[{"start":{"line":43,"column":11},"end":{"line":43,"column":59}}]},"20":{"type":"branch","line":44,"loc":{"start":{"line":44,"column":10},"end":{"line":44,"column":44}},"locations":[{"start":{"line":44,"column":10},"end":{"line":44,"column":44}}]},"21":{"type":"branch","line":48,"loc":{"start":{"line":48,"column":21},"end":{"line":49,"column":11}},"locations":[{"start":{"line":48,"column":21},"end":{"line":49,"column":11}}]},"22":{"type":"branch","line":49,"loc":{"start":{"line":49,"column":8},"end":{"line":49,"column":29}},"locations":[{"start":{"line":49,"column":8},"end":{"line":49,"column":29}}]},"23":{"type":"branch","line":51,"loc":{"start":{"line":51,"column":15},"end":{"line":57,"column":2}},"locations":[{"start":{"line":51,"column":15},"end":{"line":57,"column":2}}]},"24":{"type":"branch","line":53,"loc":{"start":{"line":53,"column":24},"end":{"line":56,"column":5}},"locations":[{"start":{"line":53,"column":24},"end":{"line":56,"column":5}}]},"25":{"type":"branch","line":59,"loc":{"start":{"line":59,"column":21},"end":{"line":108,"column":2}},"locations":[{"start":{"line":59,"column":21},"end":{"line":108,"column":2}}]},"26":{"type":"branch","line":60,"loc":{"start":{"line":60,"column":20},"end":{"line":73,"column":4}},"locations":[{"start":{"line":60,"column":20},"end":{"line":73,"column":4}}]},"27":{"type":"branch","line":61,"loc":{"start":{"line":61,"column":17},"end":{"line":71,"column":6}},"locations":[{"start":{"line":61,"column":17},"end":{"line":71,"column":6}}]},"28":{"type":"branch","line":62,"loc":{"start":{"line":62,"column":10},"end":{"line":62,"column":50}},"locations":[{"start":{"line":62,"column":10},"end":{"line":62,"column":50}}]},"29":{"type":"branch","line":62,"loc":{"start":{"line":62,"column":73},"end":{"line":64,"column":7}},"locations":[{"start":{"line":62,"column":73},"end":{"line":64,"column":7}}]},"30":{"type":"branch","line":69,"loc":{"start":{"line":69,"column":53},"end":{"line":69,"column":122}},"locations":[{"start":{"line":69,"column":53},"end":{"line":69,"column":122}}]},"31":{"type":"branch","line":75,"loc":{"start":{"line":75,"column":27},"end":{"line":98,"column":4}},"locations":[{"start":{"line":75,"column":27},"end":{"line":98,"column":4}}]},"32":{"type":"branch","line":83,"loc":{"start":{"line":83,"column":6},"end":{"line":84,"column":16}},"locations":[{"start":{"line":83,"column":6},"end":{"line":84,"column":16}}]},"33":{"type":"branch","line":85,"loc":{"start":{"line":85,"column":6},"end":{"line":89,"column":7}},"locations":[{"start":{"line":85,"column":6},"end":{"line":89,"column":7}}]},"34":{"type":"branch","line":90,"loc":{"start":{"line":90,"column":6},"end":{"line":91,"column":16}},"locations":[{"start":{"line":90,"column":6},"end":{"line":91,"column":16}}]},"35":{"type":"branch","line":92,"loc":{"start":{"line":92,"column":6},"end":{"line":93,"column":16}},"locations":[{"start":{"line":92,"column":6},"end":{"line":93,"column":16}}]},"36":{"type":"branch","line":94,"loc":{"start":{"line":94,"column":6},"end":{"line":95,"column":16}},"locations":[{"start":{"line":94,"column":6},"end":{"line":95,"column":16}}]},"37":{"type":"branch","line":96,"loc":{"start":{"line":96,"column":6},"end":{"line":96,"column":21}},"locations":[{"start":{"line":96,"column":6},"end":{"line":96,"column":21}}]},"38":{"type":"branch","line":100,"loc":{"start":{"line":100,"column":15},"end":{"line":106,"column":4}},"locations":[{"start":{"line":100,"column":15},"end":{"line":106,"column":4}}]},"39":{"type":"branch","line":104,"loc":{"start":{"line":104,"column":12},"end":{"line":104,"column":38}},"locations":[{"start":{"line":104,"column":12},"end":{"line":104,"column":38}}]},"40":{"type":"branch","line":110,"loc":{"start":{"line":110,"column":16},"end":{"line":118,"column":2}},"locations":[{"start":{"line":110,"column":16},"end":{"line":118,"column":2}}]}},"b":{"0":[12],"1":[6],"2":[23],"3":[23],"4":[6],"5":[4],"6":[0],"7":[4],"8":[19],"9":[13],"10":[9],"11":[4],"12":[15],"13":[9],"14":[5],"15":[5],"16":[10],"17":[4],"18":[4],"19":[6],"20":[6],"21":[23],"22":[73],"23":[6],"24":[23],"25":[2],"26":[24],"27":[34],"28":[8],"29":[26],"30":[10],"31":[23],"32":[4],"33":[5],"34":[4],"35":[6],"36":[4],"37":[0],"38":[6],"39":[23],"40":[2]},"fnMap":{"0":{"name":"buildPath","decl":{"start":{"line":9,"column":19},"end":{"line":9,"column":33}},"loc":{"start":{"line":9,"column":19},"end":{"line":9,"column":33}},"line":9},"1":{"name":"readFile","decl":{"start":{"line":10,"column":18},"end":{"line":10,"column":30}},"loc":{"start":{"line":10,"column":18},"end":{"line":10,"column":30}},"line":10},"2":{"name":"makeNode","decl":{"start":{"line":12,"column":17},"end":{"line":13,"column":3}},"loc":{"start":{"line":12,"column":17},"end":{"line":13,"column":3}},"line":12},"3":{"name":"check","decl":{"start":{"line":24,"column":11},"end":{"line":25,"column":9}},"loc":{"start":{"line":24,"column":11},"end":{"line":25,"column":9}},"line":24},"4":{"name":"node","decl":{"start":{"line":26,"column":10},"end":{"line":26,"column":49}},"loc":{"start":{"line":26,"column":10},"end":{"line":26,"column":49}},"line":26},"5":{"name":"check","decl":{"start":{"line":29,"column":11},"end":{"line":30,"column":30}},"loc":{"start":{"line":29,"column":11},"end":{"line":30,"column":30}},"line":29},"6":{"name":"node","decl":{"start":{"line":31,"column":10},"end":{"line":31,"column":36}},"loc":{"start":{"line":31,"column":10},"end":{"line":31,"column":36}},"line":31},"7":{"name":"check","decl":{"start":{"line":34,"column":11},"end":{"line":35,"column":30}},"loc":{"start":{"line":34,"column":11},"end":{"line":35,"column":30}},"line":34},"8":{"name":"node","decl":{"start":{"line":36,"column":10},"end":{"line":36,"column":44}},"loc":{"start":{"line":36,"column":10},"end":{"line":36,"column":44}},"line":36},"9":{"name":"check","decl":{"start":{"line":39,"column":11},"end":{"line":39,"column":59}},"loc":{"start":{"line":39,"column":11},"end":{"line":39,"column":59}},"line":39},"10":{"name":"node","decl":{"start":{"line":40,"column":10},"end":{"line":40,"column":36}},"loc":{"start":{"line":40,"column":10},"end":{"line":40,"column":36}},"line":40},"11":{"name":"check","decl":{"start":{"line":43,"column":11},"end":{"line":43,"column":59}},"loc":{"start":{"line":43,"column":11},"end":{"line":43,"column":59}},"line":43},"12":{"name":"node","decl":{"start":{"line":44,"column":10},"end":{"line":44,"column":44}},"loc":{"start":{"line":44,"column":10},"end":{"line":44,"column":44}},"line":44},"13":{"name":"getKeyAction","decl":{"start":{"line":48,"column":21},"end":{"line":49,"column":11}},"loc":{"start":{"line":48,"column":21},"end":{"line":49,"column":11}},"line":48},"14":{"name":"getAst","decl":{"start":{"line":51,"column":15},"end":{"line":57,"column":2}},"loc":{"start":{"line":51,"column":15},"end":{"line":57,"column":2}},"line":51},"15":{"name":"stringifyAst","decl":{"start":{"line":59,"column":21},"end":{"line":108,"column":2}},"loc":{"start":{"line":59,"column":21},"end":{"line":108,"column":2}},"line":59},"16":{"name":"stringify","decl":{"start":{"line":60,"column":20},"end":{"line":73,"column":4}},"loc":{"start":{"line":60,"column":20},"end":{"line":73,"column":4}},"line":60},"17":{"name":"iter","decl":{"start":{"line":61,"column":17},"end":{"line":71,"column":6}},"loc":{"start":{"line":61,"column":17},"end":{"line":71,"column":6}},"line":61},"18":{"name":"stringByNodeType","decl":{"start":{"line":75,"column":27},"end":{"line":98,"column":4}},"loc":{"start":{"line":75,"column":27},"end":{"line":98,"column":4}},"line":75},"19":{"name":"iter","decl":{"start":{"line":100,"column":15},"end":{"line":106,"column":4}},"loc":{"start":{"line":100,"column":15},"end":{"line":106,"column":4}},"line":100},"20":{"name":"genDiff","decl":{"start":{"line":110,"column":16},"end":{"line":118,"column":2}},"loc":{"start":{"line":110,"column":16},"end":{"line":118,"column":2}},"line":110}},"f":{"0":12,"1":6,"2":23,"3":23,"4":4,"5":19,"6":4,"7":15,"8":5,"9":10,"10":4,"11":6,"12":6,"13":23,"14":6,"15":2,"16":24,"17":34,"18":23,"19":6,"20":2}}
}
