TN:
SF:index.js
FNF:0
FNH:0
DA:1,1
DA:2,1
DA:3,1
LF:3
LH:3
BRF:0
BRH:0
end_of_record
TN:
SF:src/genDiff.js
FN:9,buildPath
FN:10,readFile
FN:12,makeNode
FN:24,check
FN:26,node
FN:29,check
FN:31,node
FN:34,check
FN:36,node
FN:39,check
FN:40,node
FN:43,check
FN:44,node
FN:48,getKeyAction
FN:51,getAst
FN:59,stringifyAst
FN:60,stringify
FN:61,iter
FN:75,stringByNodeType
FN:100,iter
FN:110,genDiff
FNF:21
FNH:21
FNDA:12,buildPath
FNDA:6,readFile
FNDA:23,makeNode
FNDA:23,check
FNDA:4,node
FNDA:19,check
FNDA:4,node
FNDA:15,check
FNDA:5,node
FNDA:10,check
FNDA:4,node
FNDA:6,check
FNDA:6,node
FNDA:23,getKeyAction
FNDA:6,getAst
FNDA:2,stringifyAst
FNDA:24,stringify
FNDA:34,iter
FNDA:23,stringByNodeType
FNDA:6,iter
FNDA:2,genDiff
DA:1,1
DA:2,1
DA:3,1
DA:4,1
DA:5,1
DA:6,1
DA:7,1
DA:8,1
DA:9,1
DA:10,1
DA:11,1
DA:12,1
DA:13,23
DA:14,1
DA:15,1
DA:16,1
DA:17,1
DA:18,1
DA:19,1
DA:20,1
DA:21,1
DA:22,1
DA:23,1
DA:24,1
DA:25,1
DA:26,1
DA:27,1
DA:28,1
DA:29,1
DA:30,1
DA:31,1
DA:32,1
DA:33,1
DA:34,1
DA:35,1
DA:36,1
DA:37,1
DA:38,1
DA:39,1
DA:40,1
DA:41,1
DA:42,1
DA:43,1
DA:44,1
DA:45,1
DA:46,1
DA:47,1
DA:48,1
DA:49,1
DA:50,1
DA:51,1
DA:52,6
DA:53,6
DA:54,23
DA:55,23
DA:56,23
DA:57,6
DA:58,1
DA:59,1
DA:60,2
DA:61,24
DA:62,34
DA:63,26
DA:64,26
DA:65,34
DA:66,34
DA:67,34
DA:68,34
DA:69,34
DA:70,34
DA:71,34
DA:72,24
DA:73,24
DA:74,2
DA:75,2
DA:76,23
DA:77,23
DA:78,23
DA:79,23
DA:80,23
DA:81,23
DA:82,23
DA:83,23
DA:84,23
DA:85,23
DA:86,5
DA:87,5
DA:88,5
DA:89,5
DA:90,23
DA:91,23
DA:92,23
DA:93,23
DA:94,23
DA:95,23
DA:96,23
DA:97,23
DA:98,23
DA:99,2
DA:100,2
DA:101,6
DA:102,6
DA:103,6
DA:104,6
DA:105,6
DA:106,6
DA:107,2
DA:108,2
DA:109,1
DA:110,1
DA:111,2
DA:112,2
DA:113,2
DA:114,2
DA:115,2
DA:116,2
DA:117,2
DA:118,2
DA:119,1
DA:120,1
LF:120
LH:120
BRDA:9,0,0,12
BRDA:10,1,0,6
BRDA:12,2,0,23
BRDA:24,3,0,23
BRDA:24,4,0,6
BRDA:24,5,0,4
BRDA:25,6,0,0
BRDA:26,7,0,4
BRDA:29,8,0,19
BRDA:29,9,0,13
BRDA:29,10,0,9
BRDA:31,11,0,4
BRDA:34,12,0,15
BRDA:34,13,0,9
BRDA:34,14,0,5
BRDA:36,15,0,5
BRDA:39,16,0,10
BRDA:39,17,0,4
BRDA:40,18,0,4
BRDA:43,19,0,6
BRDA:44,20,0,6
BRDA:48,21,0,23
BRDA:49,22,0,73
BRDA:51,23,0,6
BRDA:53,24,0,23
BRDA:59,25,0,2
BRDA:60,26,0,24
BRDA:61,27,0,34
BRDA:62,28,0,8
BRDA:62,29,0,26
BRDA:69,30,0,10
BRDA:75,31,0,23
BRDA:83,32,0,4
BRDA:85,33,0,5
BRDA:90,34,0,4
BRDA:92,35,0,6
BRDA:94,36,0,4
BRDA:96,37,0,0
BRDA:100,38,0,6
BRDA:104,39,0,23
BRDA:110,40,0,2
BRF:41
BRH:39
end_of_record
